<?xml version="1.0" encoding="UTF-8"?>
<testng-results skipped="0" failed="0" ignored="0" total="1" passed="1">
  <reporter-output>
  </reporter-output>
  <suite name="Default suite" duration-ms="12462" started-at="2021-02-19T16:25:30Z" finished-at="2021-02-19T16:25:43Z">
    <groups>
    </groups>
    <test name="Default test" duration-ms="12462" started-at="2021-02-19T16:25:30Z" finished-at="2021-02-19T16:25:43Z">
      <class name="com.jbk.LoginTest">
        <test-method status="PASS" signature="setUp()[pri:0, instance:com.jbk.LoginTest@480bdb19]" name="setUp" is-config="true" duration-ms="11462" started-at="2021-02-19T16:25:30Z" finished-at="2021-02-19T16:25:42Z">
          <reporter-output>
          </reporter-output>
        </test-method> <!-- setUp -->
        <test-method status="PASS" signature="validLoginTest()[pri:0, instance:com.jbk.LoginTest@480bdb19]" name="validLoginTest" duration-ms="951" started-at="2021-02-19T16:25:42Z" finished-at="2021-02-19T16:25:43Z">
          <reporter-output>
          </reporter-output>
        </test-method> <!-- validLoginTest -->
      </class> <!-- com.jbk.LoginTest -->
    </test> <!-- Default test -->
  </suite> <!-- Default suite -->
</testng-results>
