<?xml version="1.0" encoding="UTF-8"?>
<testng-results skipped="0" failed="0" ignored="0" total="1" passed="1">
  <reporter-output>
  </reporter-output>
  <suite name="Suite" duration-ms="46686" started-at="2021-02-20T04:53:43Z" finished-at="2021-02-20T04:54:30Z">
    <groups>
    </groups>
    <test name="Test" duration-ms="46686" started-at="2021-02-20T04:53:43Z" finished-at="2021-02-20T04:54:30Z">
      <class name="com.jbk.LoginTest">
        <test-method status="PASS" signature="setUp()[pri:0, instance:com.jbk.LoginTest@61dc03ce]" name="setUp" is-config="true" duration-ms="39925" started-at="2021-02-20T04:53:43Z" finished-at="2021-02-20T04:54:23Z">
          <reporter-output>
          </reporter-output>
        </test-method> <!-- setUp -->
        <test-method status="PASS" signature="validLoginTest()[pri:0, instance:com.jbk.LoginTest@61dc03ce]" name="validLoginTest" duration-ms="6664" started-at="2021-02-20T04:54:23Z" finished-at="2021-02-20T04:54:30Z">
          <reporter-output>
          </reporter-output>
        </test-method> <!-- validLoginTest -->
      </class> <!-- com.jbk.LoginTest -->
    </test> <!-- Test -->
  </suite> <!-- Suite -->
</testng-results>
