<?xml version="1.0" encoding="UTF-8"?>
<testsuite xmlns:xsi="http://www.w3.org/2001/XMLSchema-instance" xsi:noNamespaceSchemaLocation="https://maven.apache.org/surefire/maven-surefire-plugin/xsd/surefire-test-report-3.0.xsd" version="3.0" name="TestSuite" time="6.927" tests="2" errors="0" skipped="1" failures="1">
  <properties>
[...]
</properties>
  <testcase name="setUp" classname="com.jbk.LoginTest" time="6.609">
    <failure message="session not created: This version of ChromeDriver only supports Chrome version 87&#10;Current browser version is 89.0.4389.90 with binary path C:\Program Files\Google\Chrome\Application\chrome.exe&#10;Build info: version: &apos;3.141.59&apos;, revision: &apos;e82be7d358&apos;, time: &apos;2018-11-14T08:17:03&apos;&#10;System info: host: &apos;DESKTOP-MO03C8A&apos;, ip: &apos;192.168.43.112&apos;, os.name: &apos;Windows 10&apos;, os.arch: &apos;amd64&apos;, os.version: &apos;10.0&apos;, java.version: &apos;1.8.0_144&apos;&#10;Driver info: driver.version: ChromeDriver&#10;remote stacktrace: Backtrace:&#10;	Ordinal0 [0x013DC0C3+3326147]&#10;	Ordinal0 [0x012C0851+2164817]&#10;	Ordinal0 [0x01147298+619160]&#10;	Ordinal0 [0x010C1D92+73106]&#10;	Ordinal0 [0x010BE119+57625]&#10;	Ordinal0 [0x010BC38A+50058]&#10;	Ordinal0 [0x010E5F3E+220990]&#10;	Ordinal0 [0x010E5CAC+220332]&#10;	Ordinal0 [0x010E189B+202907]&#10;	Ordinal0 [0x010C3DF4+81396]&#10;	Ordinal0 [0x010C4DEE+85486]&#10;	Ordinal0 [0x010C4D79+85369]&#10;	Ordinal0 [0x012D85DC+2262492]&#10;	GetHandleVerifier [0x01562874+1487204]&#10;	GetHandleVerifier [0x015623CD+1486013]&#10;	GetHandleVerifier [0x0156A368+1518680]&#10;	GetHandleVerifier [0x01562F4E+1488958]&#10;	Ordinal0 [0x012CED0D+2223373]&#10;	Ordinal0 [0x012DA12B+2269483]&#10;	Ordinal0 [0x012DA26F+2269807]&#10;	Ordinal0 [0x012EECB8+2354360]&#10;	BaseThreadInitThunk [0x75E3FE09+25]&#10;	RtlGetAppContainerNamedObjectPath [0x77A8607D+237]&#10;	RtlGetAppContainerNamedObjectPath [0x77A8604D+189]&#10;" type="org.openqa.selenium.SessionNotCreatedException"><![CDATA[org.openqa.selenium.SessionNotCreatedException: 
session not created: This version of ChromeDriver only supports Chrome version 87
Current browser version is 89.0.4389.90 with binary path C:\Program Files\Google\Chrome\Application\chrome.exe
Build info: version: '3.141.59', revision: 'e82be7d358', time: '2018-11-14T08:17:03'
System info: host: 'DESKTOP-MO03C8A', ip: '192.168.43.112', os.name: 'Windows 10', os.arch: 'amd64', os.version: '10.0', java.version: '1.8.0_144'
Driver info: driver.version: ChromeDriver
remote stacktrace: Backtrace:
	Ordinal0 [0x013DC0C3+3326147]
	Ordinal0 [0x012C0851+2164817]
	Ordinal0 [0x01147298+619160]
	Ordinal0 [0x010C1D92+73106]
	Ordinal0 [0x010BE119+57625]
	Ordinal0 [0x010BC38A+50058]
	Ordinal0 [0x010E5F3E+220990]
	Ordinal0 [0x010E5CAC+220332]
	Ordinal0 [0x010E189B+202907]
	Ordinal0 [0x010C3DF4+81396]
	Ordinal0 [0x010C4DEE+85486]
	Ordinal0 [0x010C4D79+85369]
	Ordinal0 [0x012D85DC+2262492]
	GetHandleVerifier [0x01562874+1487204]
	GetHandleVerifier [0x015623CD+1486013]
	GetHandleVerifier [0x0156A368+1518680]
	GetHandleVerifier [0x01562F4E+1488958]
	Ordinal0 [0x012CED0D+2223373]
	Ordinal0 [0x012DA12B+2269483]
	Ordinal0 [0x012DA26F+2269807]
	Ordinal0 [0x012EECB8+2354360]
	BaseThreadInitThunk [0x75E3FE09+25]
	RtlGetAppContainerNamedObjectPath [0x77A8607D+237]
	RtlGetAppContainerNamedObjectPath [0x77A8604D+189]

	at com.jbk.LoginTest.setUp(LoginTest.java:16)
]]></failure>
    <system-err><![CDATA[Starting ChromeDriver 87.0.4280.88 (89e2380a3e36c3464b5dd1302349b1382549290d-refs/branch-heads/4280@{#1761}) on port 41303
Only local connections are allowed.
Please see https://chromedriver.chromium.org/security-considerations for suggestions on keeping ChromeDriver safe.
ChromeDriver was started successfully.
]]></system-err>
  </testcase>
  <testcase name="validLoginTest" classname="com.jbk.LoginTest" time="0">
    <skipped message="session not created: This version of ChromeDriver only supports Chrome version 87&#10;Current browser version is 89.0.4389.90 with binary path C:\Program Files\Google\Chrome\Application\chrome.exe&#10;Build info: version: &apos;3.141.59&apos;, revision: &apos;e82be7d358&apos;, time: &apos;2018-11-14T08:17:03&apos;&#10;System info: host: &apos;DESKTOP-MO03C8A&apos;, ip: &apos;192.168.43.112&apos;, os.name: &apos;Windows 10&apos;, os.arch: &apos;amd64&apos;, os.version: &apos;10.0&apos;, java.version: &apos;1.8.0_144&apos;&#10;Driver info: driver.version: ChromeDriver&#10;remote stacktrace: Backtrace:&#10;	Ordinal0 [0x013DC0C3+3326147]&#10;	Ordinal0 [0x012C0851+2164817]&#10;	Ordinal0 [0x01147298+619160]&#10;	Ordinal0 [0x010C1D92+73106]&#10;	Ordinal0 [0x010BE119+57625]&#10;	Ordinal0 [0x010BC38A+50058]&#10;	Ordinal0 [0x010E5F3E+220990]&#10;	Ordinal0 [0x010E5CAC+220332]&#10;	Ordinal0 [0x010E189B+202907]&#10;	Ordinal0 [0x010C3DF4+81396]&#10;	Ordinal0 [0x010C4DEE+85486]&#10;	Ordinal0 [0x010C4D79+85369]&#10;	Ordinal0 [0x012D85DC+2262492]&#10;	GetHandleVerifier [0x01562874+1487204]&#10;	GetHandleVerifier [0x015623CD+1486013]&#10;	GetHandleVerifier [0x0156A368+1518680]&#10;	GetHandleVerifier [0x01562F4E+1488958]&#10;	Ordinal0 [0x012CED0D+2223373]&#10;	Ordinal0 [0x012DA12B+2269483]&#10;	Ordinal0 [0x012DA26F+2269807]&#10;	Ordinal0 [0x012EECB8+2354360]&#10;	BaseThreadInitThunk [0x75E3FE09+25]&#10;	RtlGetAppContainerNamedObjectPath [0x77A8607D+237]&#10;	RtlGetAppContainerNamedObjectPath [0x77A8604D+189]&#10;"/>
  </testcase>
</testsuite>